0 info it worked if it ends with ok
1 verbose cli [ '/usr/local/Cellar/node/8.1.3/bin/node',
1 verbose cli   '/usr/local/lib/node_modules/cnpm/node_modules/.bin/npm',
1 verbose cli   '--userconfig=/Users/AllenGuo/.cnpmrc',
1 verbose cli   '--disturl=https://npm.taobao.org/mirrors/node',
1 verbose cli   '--registry=http://10.40.189.154:7001/',
1 verbose cli   'adduser',
1 verbose cli   'gongjianfeng' ]
2 info using npm@3.10.10
3 info using node@v8.1.3
4 verbose stack Error: canceled
4 verbose stack     at Interface.<anonymous> (/usr/local/lib/node_modules/cnpm/node_modules/npm/node_modules/read/lib/read.js:66:13)
4 verbose stack     at emitNone (events.js:105:13)
4 verbose stack     at Interface.emit (events.js:207:7)
4 verbose stack     at Interface._ttyWrite (readline.js:768:16)
4 verbose stack     at ReadStream.onkeypress (readline.js:157:10)
4 verbose stack     at emitTwo (events.js:125:13)
4 verbose stack     at ReadStream.emit (events.js:213:7)
4 verbose stack     at emitKeys (internal/readline.js:417:14)
4 verbose stack     at emitKeys.next (<anonymous>)
4 verbose stack     at ReadStream.onData (readline.js:1005:36)
5 verbose cwd /projects/rocket
6 error Darwin 16.3.0
7 error argv "/usr/local/Cellar/node/8.1.3/bin/node" "/usr/local/lib/node_modules/cnpm/node_modules/.bin/npm" "--userconfig=/Users/AllenGuo/.cnpmrc" "--disturl=https://npm.taobao.org/mirrors/node" "--registry=http://10.40.189.154:7001/" "adduser" "gongjianfeng"
8 error node v8.1.3
9 error npm  v3.10.10
10 error canceled
11 error If you need help, you may report this error at:
11 error     <https://github.com/npm/npm/issues>
12 verbose exit [ 1, true ]
